<?xml version="1.0" encoding="UTF-8"?>
<!-- Generated by org.testng.reporters.JUnitReportReporter -->
<testsuite skipped="0" hostname="DESKTOP-KQUFIDC" name="com.qa.ClearTripQA.tests.LoginPageTest" tests="1" failures="0" timestamp="22 Aug 2020 15:25:15 GMT" time="2.636" errors="0">
  <testcase name="verifyLoginPage" time="2.636" classname="com.qa.ClearTripQA.tests.LoginPageTest"/>
</testsuite> <!-- com.qa.ClearTripQA.tests.LoginPageTest -->
